This is pdfTeX, Version 3.1415926-1.40.10 (TeX Live 2009/Debian) (format=pdflatex 2014.1.14)  21 OCT 2014 16:54
entering extended mode
 %&-line parsing enabled.
**ai14-report-template.tex
(./ai14-report-template.tex
LaTeX2e <2009/09/24>
Babel <v3.8l> and hyphenation patterns for english, usenglishmax, dumylang, noh
yphenation, farsi, arabic, croatian, bulgarian, ukrainian, russian, czech, slov
ak, danish, dutch, finnish, french, basque, ngerman, german, german-x-2009-06-1
9, ngerman-x-2009-06-19, ibycus, monogreek, greek, ancientgreek, hungarian, san
skrit, italian, latin, latvian, lithuanian, mongolian2a, mongolian, bokmal, nyn
orsk, romanian, irish, coptic, serbian, turkish, welsh, esperanto, uppersorbian
, estonian, indonesian, interlingua, icelandic, kurmanji, slovenian, polish, po
rtuguese, spanish, galician, catalan, swedish, ukenglish, pinyin, loaded.
(/usr/share/texmf-texlive/tex/latex/base/article.cls
Document Class: article 2007/10/19 v1.4h Standard LaTeX document class
(/usr/share/texmf-texlive/tex/latex/base/size12.clo
File: size12.clo 2007/10/19 v1.4h Standard LaTeX file (size option)
)
\c@part=\count79
\c@section=\count80
\c@subsection=\count81
\c@subsubsection=\count82
\c@paragraph=\count83
\c@subparagraph=\count84
\c@figure=\count85
\c@table=\count86
\abovecaptionskip=\skip41
\belowcaptionskip=\skip42
\bibindent=\dimen102
)
(/usr/share/texmf-texlive/tex/latex/ltxmisc/url.sty
\Urlmuskip=\muskip10
Package: url 2006/04/12  ver 3.3  Verb mode for urls, etc.
)
(/usr/share/texmf-texlive/tex/latex/graphics/epsfig.sty
Package: epsfig 1999/02/16 v1.7a (e)psfig emulation (SPQR)

(/usr/share/texmf-texlive/tex/latex/graphics/graphicx.sty
Package: graphicx 1999/02/16 v1.0f Enhanced LaTeX Graphics (DPC,SPQR)

(/usr/share/texmf-texlive/tex/latex/graphics/keyval.sty
Package: keyval 1999/03/16 v1.13 key=value parser (DPC)
\KV@toks@=\toks14
)
(/usr/share/texmf-texlive/tex/latex/graphics/graphics.sty
Package: graphics 2009/02/05 v1.0o Standard LaTeX Graphics (DPC,SPQR)

(/usr/share/texmf-texlive/tex/latex/graphics/trig.sty
Package: trig 1999/03/16 v1.09 sin cos tan (DPC)
)
(/etc/texmf/tex/latex/config/graphics.cfg
File: graphics.cfg 2009/08/28 v1.8 graphics configuration of TeX Live
)
Package graphics Info: Driver file: pdftex.def on input line 91.

(/usr/share/texmf-texlive/tex/latex/pdftex-def/pdftex.def
File: pdftex.def 2010/03/12 v0.04p Graphics/color for pdfTeX
\Gread@gobject=\count87
))
\Gin@req@height=\dimen103
\Gin@req@width=\dimen104
)
\epsfxsize=\dimen105
\epsfysize=\dimen106
)
(/usr/share/texmf-texlive/tex/latex/fancyhdr/fancyhdr.sty
\fancy@headwidth=\skip43
\f@ncyO@elh=\skip44
\f@ncyO@erh=\skip45
\f@ncyO@olh=\skip46
\f@ncyO@orh=\skip47
\f@ncyO@elf=\skip48
\f@ncyO@erf=\skip49
\f@ncyO@olf=\skip50
\f@ncyO@orf=\skip51
)
(/usr/share/texmf-texlive/tex/latex/ltxmisc/parskip.sty
Package: parskip 2001/04/09 non-zero parskip adjustments
)
(/usr/share/texmf-texlive/tex/latex/natbib/natbib.sty
Package: natbib 2009/07/16 8.31 (PWD, AO)
\bibhang=\skip52
\bibsep=\skip53
LaTeX Info: Redefining \cite on input line 694.
\c@NAT@ctr=\count88
)
(./ai14-report-template.aux)
\openout1 = `ai14-report-template.aux'.

LaTeX Font Info:    Checking defaults for OML/cmm/m/it on input line 35.
LaTeX Font Info:    ... okay on input line 35.
LaTeX Font Info:    Checking defaults for T1/cmr/m/n on input line 35.
LaTeX Font Info:    ... okay on input line 35.
LaTeX Font Info:    Checking defaults for OT1/cmr/m/n on input line 35.
LaTeX Font Info:    ... okay on input line 35.
LaTeX Font Info:    Checking defaults for OMS/cmsy/m/n on input line 35.
LaTeX Font Info:    ... okay on input line 35.
LaTeX Font Info:    Checking defaults for OMX/cmex/m/n on input line 35.
LaTeX Font Info:    ... okay on input line 35.
LaTeX Font Info:    Checking defaults for U/cmr/m/n on input line 35.
LaTeX Font Info:    ... okay on input line 35.

(/usr/share/texmf-texlive/tex/context/base/supp-pdf.mkii
[Loading MPS to PDF converter (version 2006.09.02).]
\scratchcounter=\count89
\scratchdimen=\dimen107
\scratchbox=\box26
\nofMPsegments=\count90
\nofMParguments=\count91
\everyMPshowfont=\toks15
\MPscratchCnt=\count92
\MPscratchDim=\dimen108
\MPnumerator=\count93
\everyMPtoPDFconversion=\toks16
)
LaTeX Font Info:    External font `cmex10' loaded for size
(Font)              <14.4> on input line 37.
LaTeX Font Info:    External font `cmex10' loaded for size
(Font)              <7> on input line 37.
 <pictures/Alan_Turing_photo.jpg, id=1, 42.75975pt x 53.4798pt>
File: pictures/Alan_Turing_photo.jpg Graphic file (type jpg)

<use pictures/Alan_Turing_photo.jpg>
File: pictures/Alan_Turing_photo.jpg Graphic file (type jpg)
 <use pictures/Alan_Turing_photo.jpg>
File: pictures/Alan_Turing_photo.jpg Graphic file (type jpg)

<use pictures/Alan_Turing_photo.jpg>
File: pictures/Alan_Turing_photo.jpg Graphic file (type jpg)
 <use pictures/Alan_Turing_photo.jpg>
Overfull \hbox (69.72002pt too wide) in paragraph at lines 37--37
 [][] 
 []

Missing character: There is no Ã in font cmr10!
Missing character: There is no ¤ in font cmr10!
[1{/var/lib/texmf/fonts/map/pdftex/updmap/pdftex.map}

 <./pictures/Alan_Turing_photo.jpg>] [2

]
Missing character: There is no Ã in font cmbx12!
Missing character: There is no ¶ in font cmbx12!
Missing character: There is no Ã in font cmbx12!
Missing character: There is no ¥ in font cmbx12!
Missing character: There is no Ã in font cmr12!
Missing character: There is no ¤ in font cmr12!
Missing character: There is no Ã in font cmr12!
Missing character: There is no ¥ in font cmr12!
Missing character: There is no Ã in font cmr12!
Missing character: There is no ¥ in font cmr12!
Missing character: There is no Ã in font cmr12!
Missing character: There is no ¥ in font cmr12!
Missing character: There is no Ã in font cmr12!
Missing character: There is no ¥ in font cmr12!
Missing character: There is no Ã in font cmr12!
Missing character: There is no ¤ in font cmr12!
Missing character: There is no Ã in font cmr12!
Missing character: There is no ¤ in font cmr12!
Missing character: There is no Ã in font cmr12!
Missing character: There is no ¥ in font cmr12!
Missing character: There is no Ã in font cmr12!
Missing character: There is no ¤ in font cmr12!
Missing character: There is no Ã in font cmr12!
Missing character: There is no ¤ in font cmr12!

Underfull \hbox (badness 10000) in paragraph at lines 88--99

 []


Underfull \hbox (badness 10000) in paragraph at lines 88--99

 []


Underfull \hbox (badness 10000) in paragraph at lines 105--106

 []

LaTeX Font Info:    External font `cmex10' loaded for size
(Font)              <12> on input line 107.
LaTeX Font Info:    External font `cmex10' loaded for size
(Font)              <8> on input line 107.
LaTeX Font Info:    External font `cmex10' loaded for size
(Font)              <6> on input line 107.

Overfull \hbox (94.01718pt too wide) in paragraph at lines 107--112
[][] 
 []

<pictures/Bigram.png, id=14, 534.99875pt x 287.0725pt>
File: pictures/Bigram.png Graphic file (type png)

<use pictures/Bigram.png>

LaTeX Warning: `!h' float specifier changed to `!ht'.

<pictures/Bigram2.png, id=16, 534.99875pt x 287.0725pt>
File: pictures/Bigram2.png Graphic file (type png)

<use pictures/Bigram2.png>

LaTeX Warning: `!h' float specifier changed to `!ht'.

[3] <pictures/machine_learning.png, id=21, 475.7775pt x 26.0975pt>
File: pictures/machine_learning.png Graphic file (type png)

<use pictures/machine_learning.png> [4 <./pictures/Bigram.png> <./pictures/Bigr
am2.png> <./pictures/machine_learning.png (PNG copy)>] [5]
<pictures/histogram.pdf, id=30, 506.89375pt x 394.47375pt>
File: pictures/histogram.pdf Graphic file (type pdf)

<use pictures/histogram.pdf> [6] [7 <./pictures/histogram.pdf>]
(./ai14-report-template.bbl
Missing character: There is no Ã in font cmr12!
Missing character: There is no § in font cmr12!
) [8] (./ai14-report-template.aux) ) 
Here is how much of TeX's memory you used:
 1533 strings out of 493848
 19102 string characters out of 1152823
 74432 words of memory out of 3000000
 4830 multiletter control sequences out of 15000+50000
 9416 words of font info for 33 fonts, out of 3000000 for 9000
 714 hyphenation exceptions out of 8191
 32i,16n,43p,910b,361s stack positions out of 5000i,500n,10000p,200000b,50000s
</usr/share/texmf-texlive/fonts/type1/publi
c/amsfonts/cm/cmbx10.pfb></usr/share/texmf-texlive/fonts/type1/public/amsfonts/
cm/cmbx12.pfb></usr/share/texmf-texlive/fonts/type1/public/amsfonts/cm/cmr10.pf
b></usr/share/texmf-texlive/fonts/type1/public/amsfonts/cm/cmr12.pfb></usr/shar
e/texmf-texlive/fonts/type1/public/amsfonts/cm/cmr17.pfb></usr/share/texmf-texl
ive/fonts/type1/public/amsfonts/cm/cmsy10.pfb>
Output written on ai14-report-template.pdf (8 pages, 183688 bytes).
PDF statistics:
 66 PDF objects out of 1000 (max. 8388607)
 0 named destinations out of 1000 (max. 500000)
 26 words of extra memory for PDF output out of 10000 (max. 10000000)

